<?xml version="1.0" encoding="UTF-8"?>
<!-- Generated by org.testng.reporters.JUnitXMLReporter -->
<testsuite hostname="DSHYD-100" ignored="168" name="SWG" tests="43" failures="2" timestamp="07 Nov 2017 13:13:12 GMT" time="1056.608" errors="0">
  <testcase name="testTC6_DeleteThePrimaryCard" time="0.03" classname="com.RM.scripts.TC6_DeleteThePrimaryCard"/>
  <testcase name="testTC6_ExpiryCardError" time="0.04" classname="com.RM.scripts.TC6_ExpiryCardError"/>
  <testcase name="testTC5_OneTimePayment" time="55.931" classname="com.RM.scripts.TC5_OneTimePayment"/>
  <testcase name="testTC1_SignUp_New" time="0.0" classname="com.RM.scripts.TC1_SignUp_New">
    <failure type="java.lang.NullPointerException">
      <![CDATA[java.lang.NullPointerException
	at com.RM.scripts.TC1_SignUp_New.testTC1_SignUp_New(TC1_SignUp_New.java:23)
... Removed 25 stack frames]]>
    </failure>
  </testcase> <!-- testTC1_SignUp_New -->
  <testcase name="testTC6_PasswordMustMatch" time="0.02" classname="com.RM.scripts.TC6_PasswordMustMatch"/>
  <testcase name="testTC3_FirstDate" time="105.133" classname="com.RM.scripts.TC3_FirstDate"/>
  <testcase name="testTC1_2LoginWithDirectEnabled" time="0.01" classname="com.RM.scripts.TC1_2LoginWithDirectEnabled"/>
  <testcase name="testTC6_OneTimeChangePassword" time="0.02" classname="com.RM.scripts.TC6_OneTimeChangePassword"/>
  <testcase name="testUseMyAddress" time="0.01" classname="com.RM.scripts.UseMyAddress"/>
  <testcase name="testMoolaperks" time="67.247" classname="com.RM.scripts.Moolaperks"/>
  <testcase name="testTC_5ResidentInvoice" time="0.02" classname="com.RM.scripts.TC_5ResidentInvoice"/>
  <testcase name="testTC6_VerifyReceipt" time="0.02" classname="com.RM.scripts.TC6_VerifyReceipt"/>
  <testcase name="testTC6_DifferentPaymentAddress" time="0.01" classname="com.RM.scripts.TC6_DifferentPaymentAddress"/>
  <testcase name="testTC6_AddAndDeletePaymentMethod" time="0.0" classname="com.RM.scripts.TC6_AddAndDeletePaymentMethod">
    <failure type="java.lang.Error" message="Unresolved compilation problems: 
	DeleteButton cannot be resolved to a variable
	The field TestEngine.i is not visible
">
      <![CDATA[java.lang.Error: Unresolved compilation problems: 
	DeleteButton cannot be resolved to a variable
	The field TestEngine.i is not visible

	at com.RM.scripts.TC6_AddAndDeletePaymentMethod.testTC6_AddAndDeletePaymentMethod(TC6_AddAndDeletePaymentMethod.java:156)
... Removed 25 stack frames]]>
    </failure>
  </testcase> <!-- testTC6_AddAndDeletePaymentMethod -->
  <testcase name="testTC6_ConfirmPasswordValidation" time="0.0" classname="com.RM.scripts.TC6_ConfirmPasswordValidation"/>
  <testcase name="testTC6_RecurringChangePassword" time="0.02" classname="com.RM.scripts.TC6_RecurringChangePassword"/>
  <testcase name="testTC4_FinalDate" time="105.759" classname="com.RM.scripts.TC4_FinalDate"/>
  <testcase name="testTC6_PasswordLengthValidation" time="0.02" classname="com.RM.scripts.TC6_PasswordLengthValidation"/>
  <testcase name="testTC6_PayOneTimeChargesUsingRepeatFeature" time="0.02" classname="com.RM.scripts.TC6_PayOneTimeChargesUsingRepeatFeature"/>
  <testcase name="testTC6_OneTimeStopPayments" time="0.02" classname="com.RM.scripts.TC6_OneTimeStopPayments"/>
  <testcase name="testTC1_SignUp" time="73.881" classname="com.RM.scripts.TC1_SignUp"/>
  <testcase name="testQuickPay_TC1_New" time="54.036" classname="com.RM.scripts.QuickPay_TC1_New"/>
  <testcase name="testTC6_OneTimePaymentFutureDate" time="76.539" classname="com.RM.scripts.TC6_OneTimePaymentFutureDate"/>
  <testcase name="testTC6_RecurringChangePaymentMethod" time="0.01" classname="com.RM.scripts.TC6_RecurringChangePaymentMethod"/>
  <testcase name="testQuickPay_TC3_1" time="80.69" classname="com.RM.scripts.QuickPay_TC3_1"/>
  <testcase name="testTC3_4" time="0.017" classname="com.RM.scripts.TC3_4"/>
  <testcase name="testTC6_PrimaryPayment" time="0.003" classname="com.RM.scripts.TC6_PrimaryPayment"/>
  <testcase name="testTC1_1RegisteredEmailID" time="0.004" classname="com.RM.scripts.TC1_1RegisteredEmailID"/>
  <testcase name="testTC2_5" time="0.014" classname="com.RM.scripts.TC2_5"/>
  <testcase name="testQuickPay_TC3_4" time="33.157" classname="com.RM.scripts.QuickPay_TC3_4"/>
  <testcase name="testQuickPay_TC3_3" time="33.195" classname="com.RM.scripts.QuickPay_TC3_3"/>
  <testcase name="testTC2_4" time="0.008" classname="com.RM.scripts.TC2_4"/>
  <testcase name="testTC6_ChangeRecurringDate" time="0.018" classname="com.RM.scripts.TC6_ChangeRecurringDate"/>
  <testcase name="testQuickPay_TC1_New" time="34.356" classname="com.RM.scripts.QuickPay_TC5"/>
  <testcase name="testTC6_RecurringStopPayments" time="0.009" classname="com.RM.scripts.TC6_RecurringStopPayments"/>
  <testcase name="testTC6_SkipPaymentMethod" time="0.014" classname="com.RM.scripts.TC6_SkipPaymentMethod"/>
  <testcase name="testTC6_DisableRecurringPayment" time="0.015" classname="com.RM.scripts.TC6_DisableRecurringPayment"/>
  <testcase name="testTC2_Recurring" time="69.062" classname="com.RM.scripts.TC2_Recurring"/>
  <testcase name="testQuickPay_TC4" time="35.009" classname="com.RM.scripts.QuickPay_TC4"/>
  <testcase name="testQuickPay_TC2" time="57.822" classname="com.RM.scripts.QuickPay_TC2"/>
  <testcase name="testQuickPay_TC1" time="0.02" classname="com.RM.scripts.QuickPay_TC1"/>
  <testcase name="testTC2_7" time="0.0" classname="com.RM.scripts.TC2_7"/>
  <testcase name="testTC2_6" time="0.013" classname="com.RM.scripts.TC2_6"/>
  <testcase name="@BeforeSuite suiteFirst" time="0.0" classname="com.RM.accelerators.TestEngine">
    <ignored/>
  </testcase> <!-- @BeforeSuite suiteFirst -->
  <testcase name="@BeforeSuite suiteFirst" time="0.0" classname="com.RM.accelerators.TestEngine">
    <ignored/>
  </testcase> <!-- @BeforeSuite suiteFirst -->
  <testcase name="@BeforeSuite suiteFirst" time="0.0" classname="com.RM.accelerators.TestEngine">
    <ignored/>
  </testcase> <!-- @BeforeSuite suiteFirst -->
  <testcase name="@BeforeSuite suiteFirst" time="0.0" classname="com.RM.accelerators.TestEngine">
    <ignored/>
  </testcase> <!-- @BeforeSuite suiteFirst -->
  <testcase name="@BeforeSuite suiteFirst" time="0.0" classname="com.RM.accelerators.TestEngine">
    <ignored/>
  </testcase> <!-- @BeforeSuite suiteFirst -->
  <testcase name="@BeforeSuite suiteFirst" time="0.0" classname="com.RM.accelerators.TestEngine">
    <ignored/>
  </testcase> <!-- @BeforeSuite suiteFirst -->
  <testcase name="@BeforeSuite suiteFirst" time="0.0" classname="com.RM.accelerators.TestEngine">
    <ignored/>
  </testcase> <!-- @BeforeSuite suiteFirst -->
  <testcase name="@BeforeSuite suiteFirst" time="0.0" classname="com.RM.accelerators.TestEngine">
    <ignored/>
  </testcase> <!-- @BeforeSuite suiteFirst -->
  <testcase name="@BeforeSuite suiteFirst" time="0.0" classname="com.RM.accelerators.TestEngine">
    <ignored/>
  </testcase> <!-- @BeforeSuite suiteFirst -->
  <testcase name="@BeforeSuite suiteFirst" time="0.0" classname="com.RM.accelerators.TestEngine">
    <ignored/>
  </testcase> <!-- @BeforeSuite suiteFirst -->
  <testcase name="@BeforeSuite suiteFirst" time="0.0" classname="com.RM.accelerators.TestEngine">
    <ignored/>
  </testcase> <!-- @BeforeSuite suiteFirst -->
  <testcase name="@BeforeSuite suiteFirst" time="0.0" classname="com.RM.accelerators.TestEngine">
    <ignored/>
  </testcase> <!-- @BeforeSuite suiteFirst -->
  <testcase name="@BeforeSuite suiteFirst" time="0.0" classname="com.RM.accelerators.TestEngine">
    <ignored/>
  </testcase> <!-- @BeforeSuite suiteFirst -->
  <testcase name="@BeforeSuite suiteFirst" time="0.0" classname="com.RM.accelerators.TestEngine">
    <ignored/>
  </testcase> <!-- @BeforeSuite suiteFirst -->
  <testcase name="@BeforeSuite suiteFirst" time="0.0" classname="com.RM.accelerators.TestEngine">
    <ignored/>
  </testcase> <!-- @BeforeSuite suiteFirst -->
  <testcase name="@BeforeSuite suiteFirst" time="0.0" classname="com.RM.accelerators.TestEngine">
    <ignored/>
  </testcase> <!-- @BeforeSuite suiteFirst -->
  <testcase name="@BeforeSuite suiteFirst" time="0.0" classname="com.RM.accelerators.TestEngine">
    <ignored/>
  </testcase> <!-- @BeforeSuite suiteFirst -->
  <testcase name="@BeforeSuite suiteFirst" time="0.0" classname="com.RM.accelerators.TestEngine">
    <ignored/>
  </testcase> <!-- @BeforeSuite suiteFirst -->
  <testcase name="@BeforeSuite suiteFirst" time="0.0" classname="com.RM.accelerators.TestEngine">
    <ignored/>
  </testcase> <!-- @BeforeSuite suiteFirst -->
  <testcase name="@BeforeSuite suiteFirst" time="0.0" classname="com.RM.accelerators.TestEngine">
    <ignored/>
  </testcase> <!-- @BeforeSuite suiteFirst -->
  <testcase name="@BeforeSuite suiteFirst" time="0.0" classname="com.RM.accelerators.TestEngine">
    <ignored/>
  </testcase> <!-- @BeforeSuite suiteFirst -->
  <testcase name="@BeforeSuite suiteFirst" time="0.0" classname="com.RM.accelerators.TestEngine">
    <ignored/>
  </testcase> <!-- @BeforeSuite suiteFirst -->
  <testcase name="@BeforeSuite suiteFirst" time="0.0" classname="com.RM.accelerators.TestEngine">
    <ignored/>
  </testcase> <!-- @BeforeSuite suiteFirst -->
  <testcase name="@BeforeSuite suiteFirst" time="0.0" classname="com.RM.accelerators.TestEngine">
    <ignored/>
  </testcase> <!-- @BeforeSuite suiteFirst -->
  <testcase name="@BeforeSuite suiteFirst" time="0.0" classname="com.RM.accelerators.TestEngine">
    <ignored/>
  </testcase> <!-- @BeforeSuite suiteFirst -->
  <testcase name="@BeforeSuite suiteFirst" time="0.0" classname="com.RM.accelerators.TestEngine">
    <ignored/>
  </testcase> <!-- @BeforeSuite suiteFirst -->
  <testcase name="@BeforeSuite suiteFirst" time="0.0" classname="com.RM.accelerators.TestEngine">
    <ignored/>
  </testcase> <!-- @BeforeSuite suiteFirst -->
  <testcase name="@BeforeSuite suiteFirst" time="0.0" classname="com.RM.accelerators.TestEngine">
    <ignored/>
  </testcase> <!-- @BeforeSuite suiteFirst -->
  <testcase name="@BeforeSuite suiteFirst" time="0.0" classname="com.RM.accelerators.TestEngine">
    <ignored/>
  </testcase> <!-- @BeforeSuite suiteFirst -->
  <testcase name="@BeforeSuite suiteFirst" time="0.0" classname="com.RM.accelerators.TestEngine">
    <ignored/>
  </testcase> <!-- @BeforeSuite suiteFirst -->
  <testcase name="@BeforeSuite suiteFirst" time="0.0" classname="com.RM.accelerators.TestEngine">
    <ignored/>
  </testcase> <!-- @BeforeSuite suiteFirst -->
  <testcase name="@BeforeSuite suiteFirst" time="0.0" classname="com.RM.accelerators.TestEngine">
    <ignored/>
  </testcase> <!-- @BeforeSuite suiteFirst -->
  <testcase name="@BeforeSuite suiteFirst" time="0.0" classname="com.RM.accelerators.TestEngine">
    <ignored/>
  </testcase> <!-- @BeforeSuite suiteFirst -->
  <testcase name="@BeforeSuite suiteFirst" time="0.0" classname="com.RM.accelerators.TestEngine">
    <ignored/>
  </testcase> <!-- @BeforeSuite suiteFirst -->
  <testcase name="@BeforeSuite suiteFirst" time="0.0" classname="com.RM.accelerators.TestEngine">
    <ignored/>
  </testcase> <!-- @BeforeSuite suiteFirst -->
  <testcase name="@BeforeSuite suiteFirst" time="0.0" classname="com.RM.accelerators.TestEngine">
    <ignored/>
  </testcase> <!-- @BeforeSuite suiteFirst -->
  <testcase name="@BeforeSuite suiteFirst" time="0.0" classname="com.RM.accelerators.TestEngine">
    <ignored/>
  </testcase> <!-- @BeforeSuite suiteFirst -->
  <testcase name="@BeforeSuite suiteFirst" time="0.0" classname="com.RM.accelerators.TestEngine">
    <ignored/>
  </testcase> <!-- @BeforeSuite suiteFirst -->
  <testcase name="@BeforeSuite suiteFirst" time="0.0" classname="com.RM.accelerators.TestEngine">
    <ignored/>
  </testcase> <!-- @BeforeSuite suiteFirst -->
  <testcase name="@BeforeSuite suiteFirst" time="0.0" classname="com.RM.accelerators.TestEngine">
    <ignored/>
  </testcase> <!-- @BeforeSuite suiteFirst -->
  <testcase name="@BeforeSuite suiteFirst" time="0.0" classname="com.RM.accelerators.TestEngine">
    <ignored/>
  </testcase> <!-- @BeforeSuite suiteFirst -->
  <testcase name="@BeforeSuite suiteFirst" time="0.0" classname="com.RM.accelerators.TestEngine">
    <ignored/>
  </testcase> <!-- @BeforeSuite suiteFirst -->
  <testcase name="@AfterTest first1" time="0.0" classname="com.RM.accelerators.TestEngine">
    <ignored/>
  </testcase> <!-- @AfterTest first1 -->
  <testcase name="@AfterTest first1" time="0.0" classname="com.RM.accelerators.TestEngine">
    <ignored/>
  </testcase> <!-- @AfterTest first1 -->
  <testcase name="@AfterTest first1" time="0.0" classname="com.RM.accelerators.TestEngine">
    <ignored/>
  </testcase> <!-- @AfterTest first1 -->
  <testcase name="@AfterTest first1" time="0.0" classname="com.RM.accelerators.TestEngine">
    <ignored/>
  </testcase> <!-- @AfterTest first1 -->
  <testcase name="@AfterTest first1" time="0.0" classname="com.RM.accelerators.TestEngine">
    <ignored/>
  </testcase> <!-- @AfterTest first1 -->
  <testcase name="@AfterTest first1" time="0.0" classname="com.RM.accelerators.TestEngine">
    <ignored/>
  </testcase> <!-- @AfterTest first1 -->
  <testcase name="@AfterTest first1" time="0.0" classname="com.RM.accelerators.TestEngine">
    <ignored/>
  </testcase> <!-- @AfterTest first1 -->
  <testcase name="@AfterTest first1" time="0.0" classname="com.RM.accelerators.TestEngine">
    <ignored/>
  </testcase> <!-- @AfterTest first1 -->
  <testcase name="@AfterTest first1" time="0.0" classname="com.RM.accelerators.TestEngine">
    <ignored/>
  </testcase> <!-- @AfterTest first1 -->
  <testcase name="@AfterTest first1" time="0.0" classname="com.RM.accelerators.TestEngine">
    <ignored/>
  </testcase> <!-- @AfterTest first1 -->
  <testcase name="@AfterTest first1" time="0.0" classname="com.RM.accelerators.TestEngine">
    <ignored/>
  </testcase> <!-- @AfterTest first1 -->
  <testcase name="@AfterTest first1" time="0.0" classname="com.RM.accelerators.TestEngine">
    <ignored/>
  </testcase> <!-- @AfterTest first1 -->
  <testcase name="@AfterTest first1" time="0.0" classname="com.RM.accelerators.TestEngine">
    <ignored/>
  </testcase> <!-- @AfterTest first1 -->
  <testcase name="@AfterTest first1" time="0.0" classname="com.RM.accelerators.TestEngine">
    <ignored/>
  </testcase> <!-- @AfterTest first1 -->
  <testcase name="@AfterTest first1" time="0.0" classname="com.RM.accelerators.TestEngine">
    <ignored/>
  </testcase> <!-- @AfterTest first1 -->
  <testcase name="@AfterTest first1" time="0.0" classname="com.RM.accelerators.TestEngine">
    <ignored/>
  </testcase> <!-- @AfterTest first1 -->
  <testcase name="@AfterTest first1" time="0.0" classname="com.RM.accelerators.TestEngine">
    <ignored/>
  </testcase> <!-- @AfterTest first1 -->
  <testcase name="@AfterTest first1" time="0.0" classname="com.RM.accelerators.TestEngine">
    <ignored/>
  </testcase> <!-- @AfterTest first1 -->
  <testcase name="@AfterTest first1" time="0.0" classname="com.RM.accelerators.TestEngine">
    <ignored/>
  </testcase> <!-- @AfterTest first1 -->
  <testcase name="@AfterTest first1" time="0.0" classname="com.RM.accelerators.TestEngine">
    <ignored/>
  </testcase> <!-- @AfterTest first1 -->
  <testcase name="@AfterTest first1" time="0.0" classname="com.RM.accelerators.TestEngine">
    <ignored/>
  </testcase> <!-- @AfterTest first1 -->
  <testcase name="@AfterTest first1" time="0.0" classname="com.RM.accelerators.TestEngine">
    <ignored/>
  </testcase> <!-- @AfterTest first1 -->
  <testcase name="@AfterTest first1" time="0.0" classname="com.RM.accelerators.TestEngine">
    <ignored/>
  </testcase> <!-- @AfterTest first1 -->
  <testcase name="@AfterTest first1" time="0.0" classname="com.RM.accelerators.TestEngine">
    <ignored/>
  </testcase> <!-- @AfterTest first1 -->
  <testcase name="@AfterTest first1" time="0.0" classname="com.RM.accelerators.TestEngine">
    <ignored/>
  </testcase> <!-- @AfterTest first1 -->
  <testcase name="@AfterTest first1" time="0.0" classname="com.RM.accelerators.TestEngine">
    <ignored/>
  </testcase> <!-- @AfterTest first1 -->
  <testcase name="@AfterTest first1" time="0.0" classname="com.RM.accelerators.TestEngine">
    <ignored/>
  </testcase> <!-- @AfterTest first1 -->
  <testcase name="@AfterTest first1" time="0.0" classname="com.RM.accelerators.TestEngine">
    <ignored/>
  </testcase> <!-- @AfterTest first1 -->
  <testcase name="@AfterTest first1" time="0.0" classname="com.RM.accelerators.TestEngine">
    <ignored/>
  </testcase> <!-- @AfterTest first1 -->
  <testcase name="@AfterTest first1" time="0.0" classname="com.RM.accelerators.TestEngine">
    <ignored/>
  </testcase> <!-- @AfterTest first1 -->
  <testcase name="@AfterTest first1" time="0.0" classname="com.RM.accelerators.TestEngine">
    <ignored/>
  </testcase> <!-- @AfterTest first1 -->
  <testcase name="@AfterTest first1" time="0.0" classname="com.RM.accelerators.TestEngine">
    <ignored/>
  </testcase> <!-- @AfterTest first1 -->
  <testcase name="@AfterTest first1" time="0.0" classname="com.RM.accelerators.TestEngine">
    <ignored/>
  </testcase> <!-- @AfterTest first1 -->
  <testcase name="@AfterTest first1" time="0.0" classname="com.RM.accelerators.TestEngine">
    <ignored/>
  </testcase> <!-- @AfterTest first1 -->
  <testcase name="@AfterTest first1" time="0.0" classname="com.RM.accelerators.TestEngine">
    <ignored/>
  </testcase> <!-- @AfterTest first1 -->
  <testcase name="@AfterTest first1" time="0.0" classname="com.RM.accelerators.TestEngine">
    <ignored/>
  </testcase> <!-- @AfterTest first1 -->
  <testcase name="@AfterTest first1" time="0.0" classname="com.RM.accelerators.TestEngine">
    <ignored/>
  </testcase> <!-- @AfterTest first1 -->
  <testcase name="@AfterTest first1" time="0.0" classname="com.RM.accelerators.TestEngine">
    <ignored/>
  </testcase> <!-- @AfterTest first1 -->
  <testcase name="@AfterTest first1" time="0.0" classname="com.RM.accelerators.TestEngine">
    <ignored/>
  </testcase> <!-- @AfterTest first1 -->
  <testcase name="@AfterTest first1" time="0.0" classname="com.RM.accelerators.TestEngine">
    <ignored/>
  </testcase> <!-- @AfterTest first1 -->
  <testcase name="@AfterTest first1" time="0.0" classname="com.RM.accelerators.TestEngine">
    <ignored/>
  </testcase> <!-- @AfterTest first1 -->
  <testcase name="@AfterTest first1" time="0.0" classname="com.RM.accelerators.TestEngine">
    <ignored/>
  </testcase> <!-- @AfterTest first1 -->
  <testcase name="@AfterSuite tearDownFirefox" time="0.0" classname="com.RM.accelerators.TestEngine">
    <ignored/>
  </testcase> <!-- @AfterSuite tearDownFirefox -->
  <testcase name="@AfterSuite tearDownFirefox" time="0.0" classname="com.RM.accelerators.TestEngine">
    <ignored/>
  </testcase> <!-- @AfterSuite tearDownFirefox -->
  <testcase name="@AfterSuite tearDownFirefox" time="0.0" classname="com.RM.accelerators.TestEngine">
    <ignored/>
  </testcase> <!-- @AfterSuite tearDownFirefox -->
  <testcase name="@AfterSuite tearDownFirefox" time="0.0" classname="com.RM.accelerators.TestEngine">
    <ignored/>
  </testcase> <!-- @AfterSuite tearDownFirefox -->
  <testcase name="@AfterSuite tearDownFirefox" time="0.0" classname="com.RM.accelerators.TestEngine">
    <ignored/>
  </testcase> <!-- @AfterSuite tearDownFirefox -->
  <testcase name="@AfterSuite tearDownFirefox" time="0.0" classname="com.RM.accelerators.TestEngine">
    <ignored/>
  </testcase> <!-- @AfterSuite tearDownFirefox -->
  <testcase name="@AfterSuite tearDownFirefox" time="0.0" classname="com.RM.accelerators.TestEngine">
    <ignored/>
  </testcase> <!-- @AfterSuite tearDownFirefox -->
  <testcase name="@AfterSuite tearDownFirefox" time="0.0" classname="com.RM.accelerators.TestEngine">
    <ignored/>
  </testcase> <!-- @AfterSuite tearDownFirefox -->
  <testcase name="@AfterSuite tearDownFirefox" time="0.0" classname="com.RM.accelerators.TestEngine">
    <ignored/>
  </testcase> <!-- @AfterSuite tearDownFirefox -->
  <testcase name="@AfterSuite tearDownFirefox" time="0.0" classname="com.RM.accelerators.TestEngine">
    <ignored/>
  </testcase> <!-- @AfterSuite tearDownFirefox -->
  <testcase name="@AfterSuite tearDownFirefox" time="0.0" classname="com.RM.accelerators.TestEngine">
    <ignored/>
  </testcase> <!-- @AfterSuite tearDownFirefox -->
  <testcase name="@AfterSuite tearDownFirefox" time="0.0" classname="com.RM.accelerators.TestEngine">
    <ignored/>
  </testcase> <!-- @AfterSuite tearDownFirefox -->
  <testcase name="@AfterSuite tearDownFirefox" time="0.0" classname="com.RM.accelerators.TestEngine">
    <ignored/>
  </testcase> <!-- @AfterSuite tearDownFirefox -->
  <testcase name="@AfterSuite tearDownFirefox" time="0.0" classname="com.RM.accelerators.TestEngine">
    <ignored/>
  </testcase> <!-- @AfterSuite tearDownFirefox -->
  <testcase name="@AfterSuite tearDownFirefox" time="0.0" classname="com.RM.accelerators.TestEngine">
    <ignored/>
  </testcase> <!-- @AfterSuite tearDownFirefox -->
  <testcase name="@AfterSuite tearDownFirefox" time="0.0" classname="com.RM.accelerators.TestEngine">
    <ignored/>
  </testcase> <!-- @AfterSuite tearDownFirefox -->
  <testcase name="@AfterSuite tearDownFirefox" time="0.0" classname="com.RM.accelerators.TestEngine">
    <ignored/>
  </testcase> <!-- @AfterSuite tearDownFirefox -->
  <testcase name="@AfterSuite tearDownFirefox" time="0.0" classname="com.RM.accelerators.TestEngine">
    <ignored/>
  </testcase> <!-- @AfterSuite tearDownFirefox -->
  <testcase name="@AfterSuite tearDownFirefox" time="0.0" classname="com.RM.accelerators.TestEngine">
    <ignored/>
  </testcase> <!-- @AfterSuite tearDownFirefox -->
  <testcase name="@AfterSuite tearDownFirefox" time="0.0" classname="com.RM.accelerators.TestEngine">
    <ignored/>
  </testcase> <!-- @AfterSuite tearDownFirefox -->
  <testcase name="@AfterSuite tearDownFirefox" time="0.0" classname="com.RM.accelerators.TestEngine">
    <ignored/>
  </testcase> <!-- @AfterSuite tearDownFirefox -->
  <testcase name="@AfterSuite tearDownFirefox" time="0.0" classname="com.RM.accelerators.TestEngine">
    <ignored/>
  </testcase> <!-- @AfterSuite tearDownFirefox -->
  <testcase name="@AfterSuite tearDownFirefox" time="0.0" classname="com.RM.accelerators.TestEngine">
    <ignored/>
  </testcase> <!-- @AfterSuite tearDownFirefox -->
  <testcase name="@AfterSuite tearDownFirefox" time="0.0" classname="com.RM.accelerators.TestEngine">
    <ignored/>
  </testcase> <!-- @AfterSuite tearDownFirefox -->
  <testcase name="@AfterSuite tearDownFirefox" time="0.0" classname="com.RM.accelerators.TestEngine">
    <ignored/>
  </testcase> <!-- @AfterSuite tearDownFirefox -->
  <testcase name="@AfterSuite tearDownFirefox" time="0.0" classname="com.RM.accelerators.TestEngine">
    <ignored/>
  </testcase> <!-- @AfterSuite tearDownFirefox -->
  <testcase name="@AfterSuite tearDownFirefox" time="0.0" classname="com.RM.accelerators.TestEngine">
    <ignored/>
  </testcase> <!-- @AfterSuite tearDownFirefox -->
  <testcase name="@AfterSuite tearDownFirefox" time="0.0" classname="com.RM.accelerators.TestEngine">
    <ignored/>
  </testcase> <!-- @AfterSuite tearDownFirefox -->
  <testcase name="@AfterSuite tearDownFirefox" time="0.0" classname="com.RM.accelerators.TestEngine">
    <ignored/>
  </testcase> <!-- @AfterSuite tearDownFirefox -->
  <testcase name="@AfterSuite tearDownFirefox" time="0.0" classname="com.RM.accelerators.TestEngine">
    <ignored/>
  </testcase> <!-- @AfterSuite tearDownFirefox -->
  <testcase name="@AfterSuite tearDownFirefox" time="0.0" classname="com.RM.accelerators.TestEngine">
    <ignored/>
  </testcase> <!-- @AfterSuite tearDownFirefox -->
  <testcase name="@AfterSuite tearDownFirefox" time="0.0" classname="com.RM.accelerators.TestEngine">
    <ignored/>
  </testcase> <!-- @AfterSuite tearDownFirefox -->
  <testcase name="@AfterSuite tearDownFirefox" time="0.0" classname="com.RM.accelerators.TestEngine">
    <ignored/>
  </testcase> <!-- @AfterSuite tearDownFirefox -->
  <testcase name="@AfterSuite tearDownFirefox" time="0.0" classname="com.RM.accelerators.TestEngine">
    <ignored/>
  </testcase> <!-- @AfterSuite tearDownFirefox -->
  <testcase name="@AfterSuite tearDownFirefox" time="0.0" classname="com.RM.accelerators.TestEngine">
    <ignored/>
  </testcase> <!-- @AfterSuite tearDownFirefox -->
  <testcase name="@AfterSuite tearDownFirefox" time="0.0" classname="com.RM.accelerators.TestEngine">
    <ignored/>
  </testcase> <!-- @AfterSuite tearDownFirefox -->
  <testcase name="@AfterSuite tearDownFirefox" time="0.0" classname="com.RM.accelerators.TestEngine">
    <ignored/>
  </testcase> <!-- @AfterSuite tearDownFirefox -->
  <testcase name="@AfterSuite tearDownFirefox" time="0.0" classname="com.RM.accelerators.TestEngine">
    <ignored/>
  </testcase> <!-- @AfterSuite tearDownFirefox -->
  <testcase name="@AfterSuite tearDownFirefox" time="0.0" classname="com.RM.accelerators.TestEngine">
    <ignored/>
  </testcase> <!-- @AfterSuite tearDownFirefox -->
  <testcase name="@AfterSuite tearDownFirefox" time="0.0" classname="com.RM.accelerators.TestEngine">
    <ignored/>
  </testcase> <!-- @AfterSuite tearDownFirefox -->
  <testcase name="@AfterSuite tearDownFirefox" time="0.0" classname="com.RM.accelerators.TestEngine">
    <ignored/>
  </testcase> <!-- @AfterSuite tearDownFirefox -->
  <testcase name="@AfterSuite tearDownFirefox" time="0.0" classname="com.RM.accelerators.TestEngine">
    <ignored/>
  </testcase> <!-- @AfterSuite tearDownFirefox -->
  <testcase name="@BeforeTest first" time="0.0" classname="com.RM.accelerators.TestEngine">
    <ignored/>
  </testcase> <!-- @BeforeTest first -->
  <testcase name="@BeforeTest first" time="0.0" classname="com.RM.accelerators.TestEngine">
    <ignored/>
  </testcase> <!-- @BeforeTest first -->
  <testcase name="@BeforeTest first" time="0.0" classname="com.RM.accelerators.TestEngine">
    <ignored/>
  </testcase> <!-- @BeforeTest first -->
  <testcase name="@BeforeTest first" time="0.0" classname="com.RM.accelerators.TestEngine">
    <ignored/>
  </testcase> <!-- @BeforeTest first -->
  <testcase name="@BeforeTest first" time="0.0" classname="com.RM.accelerators.TestEngine">
    <ignored/>
  </testcase> <!-- @BeforeTest first -->
  <testcase name="@BeforeTest first" time="0.0" classname="com.RM.accelerators.TestEngine">
    <ignored/>
  </testcase> <!-- @BeforeTest first -->
  <testcase name="@BeforeTest first" time="0.0" classname="com.RM.accelerators.TestEngine">
    <ignored/>
  </testcase> <!-- @BeforeTest first -->
  <testcase name="@BeforeTest first" time="0.0" classname="com.RM.accelerators.TestEngine">
    <ignored/>
  </testcase> <!-- @BeforeTest first -->
  <testcase name="@BeforeTest first" time="0.0" classname="com.RM.accelerators.TestEngine">
    <ignored/>
  </testcase> <!-- @BeforeTest first -->
  <testcase name="@BeforeTest first" time="0.0" classname="com.RM.accelerators.TestEngine">
    <ignored/>
  </testcase> <!-- @BeforeTest first -->
  <testcase name="@BeforeTest first" time="0.0" classname="com.RM.accelerators.TestEngine">
    <ignored/>
  </testcase> <!-- @BeforeTest first -->
  <testcase name="@BeforeTest first" time="0.0" classname="com.RM.accelerators.TestEngine">
    <ignored/>
  </testcase> <!-- @BeforeTest first -->
  <testcase name="@BeforeTest first" time="0.0" classname="com.RM.accelerators.TestEngine">
    <ignored/>
  </testcase> <!-- @BeforeTest first -->
  <testcase name="@BeforeTest first" time="0.0" classname="com.RM.accelerators.TestEngine">
    <ignored/>
  </testcase> <!-- @BeforeTest first -->
  <testcase name="@BeforeTest first" time="0.0" classname="com.RM.accelerators.TestEngine">
    <ignored/>
  </testcase> <!-- @BeforeTest first -->
  <testcase name="@BeforeTest first" time="0.0" classname="com.RM.accelerators.TestEngine">
    <ignored/>
  </testcase> <!-- @BeforeTest first -->
  <testcase name="@BeforeTest first" time="0.0" classname="com.RM.accelerators.TestEngine">
    <ignored/>
  </testcase> <!-- @BeforeTest first -->
  <testcase name="@BeforeTest first" time="0.0" classname="com.RM.accelerators.TestEngine">
    <ignored/>
  </testcase> <!-- @BeforeTest first -->
  <testcase name="@BeforeTest first" time="0.0" classname="com.RM.accelerators.TestEngine">
    <ignored/>
  </testcase> <!-- @BeforeTest first -->
  <testcase name="@BeforeTest first" time="0.0" classname="com.RM.accelerators.TestEngine">
    <ignored/>
  </testcase> <!-- @BeforeTest first -->
  <testcase name="@BeforeTest first" time="0.0" classname="com.RM.accelerators.TestEngine">
    <ignored/>
  </testcase> <!-- @BeforeTest first -->
  <testcase name="@BeforeTest first" time="0.0" classname="com.RM.accelerators.TestEngine">
    <ignored/>
  </testcase> <!-- @BeforeTest first -->
  <testcase name="@BeforeTest first" time="0.0" classname="com.RM.accelerators.TestEngine">
    <ignored/>
  </testcase> <!-- @BeforeTest first -->
  <testcase name="@BeforeTest first" time="0.0" classname="com.RM.accelerators.TestEngine">
    <ignored/>
  </testcase> <!-- @BeforeTest first -->
  <testcase name="@BeforeTest first" time="0.0" classname="com.RM.accelerators.TestEngine">
    <ignored/>
  </testcase> <!-- @BeforeTest first -->
  <testcase name="@BeforeTest first" time="0.0" classname="com.RM.accelerators.TestEngine">
    <ignored/>
  </testcase> <!-- @BeforeTest first -->
  <testcase name="@BeforeTest first" time="0.0" classname="com.RM.accelerators.TestEngine">
    <ignored/>
  </testcase> <!-- @BeforeTest first -->
  <testcase name="@BeforeTest first" time="0.0" classname="com.RM.accelerators.TestEngine">
    <ignored/>
  </testcase> <!-- @BeforeTest first -->
  <testcase name="@BeforeTest first" time="0.0" classname="com.RM.accelerators.TestEngine">
    <ignored/>
  </testcase> <!-- @BeforeTest first -->
  <testcase name="@BeforeTest first" time="0.0" classname="com.RM.accelerators.TestEngine">
    <ignored/>
  </testcase> <!-- @BeforeTest first -->
  <testcase name="@BeforeTest first" time="0.0" classname="com.RM.accelerators.TestEngine">
    <ignored/>
  </testcase> <!-- @BeforeTest first -->
  <testcase name="@BeforeTest first" time="0.0" classname="com.RM.accelerators.TestEngine">
    <ignored/>
  </testcase> <!-- @BeforeTest first -->
  <testcase name="@BeforeTest first" time="0.0" classname="com.RM.accelerators.TestEngine">
    <ignored/>
  </testcase> <!-- @BeforeTest first -->
  <testcase name="@BeforeTest first" time="0.0" classname="com.RM.accelerators.TestEngine">
    <ignored/>
  </testcase> <!-- @BeforeTest first -->
  <testcase name="@BeforeTest first" time="0.0" classname="com.RM.accelerators.TestEngine">
    <ignored/>
  </testcase> <!-- @BeforeTest first -->
  <testcase name="@BeforeTest first" time="0.0" classname="com.RM.accelerators.TestEngine">
    <ignored/>
  </testcase> <!-- @BeforeTest first -->
  <testcase name="@BeforeTest first" time="0.0" classname="com.RM.accelerators.TestEngine">
    <ignored/>
  </testcase> <!-- @BeforeTest first -->
  <testcase name="@BeforeTest first" time="0.0" classname="com.RM.accelerators.TestEngine">
    <ignored/>
  </testcase> <!-- @BeforeTest first -->
  <testcase name="@BeforeTest first" time="0.0" classname="com.RM.accelerators.TestEngine">
    <ignored/>
  </testcase> <!-- @BeforeTest first -->
  <testcase name="@BeforeTest first" time="0.0" classname="com.RM.accelerators.TestEngine">
    <ignored/>
  </testcase> <!-- @BeforeTest first -->
  <testcase name="@BeforeTest first" time="0.0" classname="com.RM.accelerators.TestEngine">
    <ignored/>
  </testcase> <!-- @BeforeTest first -->
  <testcase name="@BeforeTest first" time="0.0" classname="com.RM.accelerators.TestEngine">
    <ignored/>
  </testcase> <!-- @BeforeTest first -->
</testsuite> <!-- SWG -->
